<?xml version="1.0" encoding="UTF-8"?>
<!-- Generated by org.testng.reporters.JUnitReportReporter -->
<testsuite hostname="DESKTOP-6HVEJEC" failures="0" tests="1" name="ui.LoginTest" time="49.110" errors="0" timestamp="2022-12-08T17:32:12 CET" skipped="0">
  <testcase classname="ui.LoginTest" name="testloginfunction" time="49.110"/>
  <system-out/>
</testsuite> <!-- ui.LoginTest -->
